
> cloud-computing@0.0.0 start /home/fonnie/cloud_computing
> node ./bin/www

[0mGET / [36m304 [0m5.452 ms - -[0m
[0mGET /static/css/app.8ba664bb0cec79711ad448323cfe2775.css [36m304 [0m1.298 ms - -[0m
[0mGET /static/js/manifest.2ae2e69a05c33dfc65f8.js [36m304 [0m0.983 ms - -[0m
[0mGET /static/js/vendor.dad468bdb7e84b8b4d37.js [36m304 [0m0.204 ms - -[0m
[0mGET /static/js/app.55f5b1eb2fd3ef900236.js [36m304 [0m0.198 ms - -[0m
[0mGET /static/img/myProfile.641e16d.jpg [36m304 [0m0.293 ms - -[0m
[0mGET / [36m304 [0m0.316 ms - -[0m
[0mGET /static/css/app.8ba664bb0cec79711ad448323cfe2775.css [36m304 [0m0.192 ms - -[0m
[0mGET /static/js/manifest.2ae2e69a05c33dfc65f8.js [36m304 [0m0.253 ms - -[0m
[0mGET /static/js/vendor.dad468bdb7e84b8b4d37.js [36m304 [0m0.326 ms - -[0m
[0mGET /static/js/app.55f5b1eb2fd3ef900236.js [36m304 [0m0.223 ms - -[0m
[0mGET /static/img/myProfile.641e16d.jpg [36m304 [0m0.286 ms - -[0m

> cloud-computing@0.0.0 start /home/fonnie/cloud_computing
> forever ./bin/www

[33mwarn[39m:    --minUptime not set. Defaulting to: 1000ms
[33mwarn[39m:    --spinSleepTime not set. Your script will exit if it does not stay up for at least 1000ms
[0mGET / [36m304 [0m5.415 ms - -[0m
[0mGET /static/css/app.8ba664bb0cec79711ad448323cfe2775.css [36m304 [0m1.162 ms - -[0m
[0mGET /static/js/manifest.2ae2e69a05c33dfc65f8.js [36m304 [0m1.126 ms - -[0m
[0mGET /static/js/vendor.dad468bdb7e84b8b4d37.js [36m304 [0m0.422 ms - -[0m
[0mGET /static/js/app.55f5b1eb2fd3ef900236.js [36m304 [0m0.495 ms - -[0m
[0mGET /static/img/myProfile.641e16d.jpg [36m304 [0m0.304 ms - -[0m
[0mGET / [36m304 [0m0.340 ms - -[0m
[0mGET /static/css/app.8ba664bb0cec79711ad448323cfe2775.css [36m304 [0m0.591 ms - -[0m
[0mGET /static/js/manifest.2ae2e69a05c33dfc65f8.js [36m304 [0m0.681 ms - -[0m
[0mGET /static/js/manifest.2ae2e69a05c33dfc65f8.js [36m304 [0m0.526 ms - -[0m
[0mGET /static/js/vendor.dad468bdb7e84b8b4d37.js [36m304 [0m0.646 ms - -[0m
[0mGET /static/js/app.55f5b1eb2fd3ef900236.js [36m304 [0m0.209 ms - -[0m
[0mGET /static/img/myProfile.641e16d.jpg [36m304 [0m0.326 ms - -[0m

> cloud-computing@0.0.0 start /home/fonnie/cloud_computing
> forever ./bin/www

[33mwarn[39m:    --minUptime not set. Defaulting to: 1000ms
[33mwarn[39m:    --spinSleepTime not set. Your script will exit if it does not stay up for at least 1000ms
[0mGET / [36m304 [0m5.498 ms - -[0m
[0mGET /static/css/app.8ba664bb0cec79711ad448323cfe2775.css [36m304 [0m1.128 ms - -[0m
[0mGET /static/js/manifest.2ae2e69a05c33dfc65f8.js [36m304 [0m1.029 ms - -[0m
[0mGET /static/js/vendor.dad468bdb7e84b8b4d37.js [36m304 [0m0.539 ms - -[0m
[0mGET /static/js/app.55f5b1eb2fd3ef900236.js [36m304 [0m0.636 ms - -[0m
[0mGET /static/img/myProfile.641e16d.jpg [36m304 [0m0.285 ms - -[0m
[0mGET / [36m304 [0m0.326 ms - -[0m
[0mGET /static/css/app.8ba664bb0cec79711ad448323cfe2775.css [36m304 [0m0.256 ms - -[0m
[0mGET /static/js/manifest.2ae2e69a05c33dfc65f8.js [36m304 [0m0.191 ms - -[0m
[0mGET /static/js/app.55f5b1eb2fd3ef900236.js [36m304 [0m0.356 ms - -[0m
[0mGET /static/js/vendor.dad468bdb7e84b8b4d37.js [36m304 [0m0.207 ms - -[0m
[0mGET /static/img/myProfile.641e16d.jpg [36m304 [0m0.306 ms - -[0m
[0mGET / [32m200 [0m2.620 ms - 512[0m
[0mGET /static/js/manifest.2ae2e69a05c33dfc65f8.js [32m200 [0m0.364 ms - 857[0m
[0mGET /static/css/app.8ba664bb0cec79711ad448323cfe2775.css [32m200 [0m0.630 ms - 147009[0m
[0mGET /static/js/app.55f5b1eb2fd3ef900236.js [32m200 [0m0.741 ms - 4969[0m
[0mGET /static/js/vendor.dad468bdb7e84b8b4d37.js [32m200 [0m0.726 ms - 317058[0m
[0mGET /static/img/myProfile.641e16d.jpg [32m200 [0m0.549 ms - 74632[0m
[0mGET /favicon.ico [33m404 [0m229.781 ms - 1102[0m
[0mGET / [32m200 [0m0.804 ms - 512[0m
[0mGET /static/css/app.8ba664bb0cec79711ad448323cfe2775.css [32m200 [0m0.633 ms - 147009[0m
[0mGET /static/js/manifest.2ae2e69a05c33dfc65f8.js [32m200 [0m2.011 ms - 857[0m
[0mGET /static/js/app.55f5b1eb2fd3ef900236.js [32m200 [0m1.140 ms - 4969[0m
[0mGET /static/js/vendor.dad468bdb7e84b8b4d37.js [32m200 [0m1.218 ms - 317058[0m
[0mGET /static/img/myProfile.641e16d.jpg [32m200 [0m0.520 ms - 74632[0m
[0mGET /favicon.ico [33m404 [0m13.889 ms - 1102[0m
[0mGET / [32m200 [0m0.922 ms - 512[0m
[0mGET http://5.188.210.12/echo.php [33m404 [0m14.392 ms - 1102[0m
[0mGET / [32m200 [0m1.145 ms - 512[0m
[0mGET / [36m304 [0m1.216 ms - -[0m
[0mGET /static/js/manifest.2ae2e69a05c33dfc65f8.js [36m304 [0m0.249 ms - -[0m
[0mGET /static/css/app.8ba664bb0cec79711ad448323cfe2775.css [32m200 [0m1.536 ms - 147009[0m
[0mGET /static/js/app.55f5b1eb2fd3ef900236.js [36m304 [0m0.345 ms - -[0m
[0mGET /static/js/vendor.dad468bdb7e84b8b4d37.js [32m200 [0m1.137 ms - 317058[0m
[0mGET /static/img/myProfile.641e16d.jpg [36m304 [0m0.361 ms - -[0m
[0mGET /favicon.ico [33m404 [0m11.981 ms - 1102[0m
[0mGET / [32m200 [0m0.507 ms - 512[0m
[0mGET / [32m200 [0m0.472 ms - 512[0m
[0mGET /static/js/manifest.2ae2e69a05c33dfc65f8.js [32m200 [0m1.075 ms - 857[0m
[0mGET /static/js/app.55f5b1eb2fd3ef900236.js [32m200 [0m1.034 ms - 4969[0m
[0mGET /static/css/app.8ba664bb0cec79711ad448323cfe2775.css [32m200 [0m0.319 ms - 147009[0m
[0mGET /static/js/vendor.dad468bdb7e84b8b4d37.js [32m200 [0m0.827 ms - 317058[0m
[0mGET /static/img/myProfile.641e16d.jpg [32m200 [0m1.058 ms - 74632[0m
[0mGET /favicon.ico [33m404 [0m12.773 ms - 1102[0m
[0mGET / [36m304 [0m0.362 ms - -[0m
[0mGET /static/js/vendor.dad468bdb7e84b8b4d37.js [36m304 [0m0.610 ms - -[0m
[0mGET /static/js/manifest.2ae2e69a05c33dfc65f8.js [36m304 [0m0.728 ms - -[0m
[0mGET /static/css/app.8ba664bb0cec79711ad448323cfe2775.css [36m304 [0m0.212 ms - -[0m
[0mGET /static/js/app.55f5b1eb2fd3ef900236.js [36m304 [0m0.236 ms - -[0m
[0mGET /static/img/myProfile.641e16d.jpg [36m304 [0m0.328 ms - -[0m
[0mGET /favicon.ico [33m404 [0m16.298 ms - 1102[0m
[0mGET / [36m304 [0m0.307 ms - -[0m
[0mGET /static/js/manifest.2ae2e69a05c33dfc65f8.js [36m304 [0m0.265 ms - -[0m
[0mGET /static/js/vendor.dad468bdb7e84b8b4d37.js [36m304 [0m0.205 ms - -[0m
[0mGET /static/js/app.55f5b1eb2fd3ef900236.js [36m304 [0m0.214 ms - -[0m
[0mGET /static/css/app.8ba664bb0cec79711ad448323cfe2775.css [36m304 [0m0.216 ms - -[0m
[0mGET /static/img/myProfile.641e16d.jpg [36m304 [0m0.316 ms - -[0m
[0mGET / [36m304 [0m0.561 ms - -[0m
[0mGET /static/css/app.8ba664bb0cec79711ad448323cfe2775.css [36m304 [0m0.322 ms - -[0m
[0mGET /static/js/manifest.2ae2e69a05c33dfc65f8.js [36m304 [0m0.344 ms - -[0m
[0mGET /static/js/vendor.dad468bdb7e84b8b4d37.js [36m304 [0m0.323 ms - -[0m
[0mGET /static/js/app.55f5b1eb2fd3ef900236.js [36m304 [0m0.336 ms - -[0m
[0mGET / [36m304 [0m0.312 ms - -[0m
[0mGET /static/css/app.8ba664bb0cec79711ad448323cfe2775.css [36m304 [0m0.331 ms - -[0m
[0mGET /static/js/manifest.2ae2e69a05c33dfc65f8.js [36m304 [0m0.313 ms - -[0m
[0mGET /static/js/vendor.dad468bdb7e84b8b4d37.js [36m304 [0m0.322 ms - -[0m
[0mGET /static/js/app.55f5b1eb2fd3ef900236.js [36m304 [0m0.313 ms - -[0m
[0mGET / [36m304 [0m0.324 ms - -[0m
[0mGET /static/css/app.8ba664bb0cec79711ad448323cfe2775.css [36m304 [0m0.317 ms - -[0m
[0mGET /static/js/manifest.2ae2e69a05c33dfc65f8.js [36m304 [0m0.326 ms - -[0m
[0mGET /static/js/vendor.dad468bdb7e84b8b4d37.js [36m304 [0m0.325 ms - -[0m
[0mGET /static/js/app.55f5b1eb2fd3ef900236.js [36m304 [0m0.331 ms - -[0m
[0mGET /static/img/myProfile.641e16d.jpg [36m304 [0m0.317 ms - -[0m
[0mGET / [36m304 [0m0.349 ms - -[0m
[0mGET /static/css/app.8ba664bb0cec79711ad448323cfe2775.css [36m304 [0m0.329 ms - -[0m
[0mGET /static/js/manifest.2ae2e69a05c33dfc65f8.js [36m304 [0m0.349 ms - -[0m
[0mGET /static/js/vendor.dad468bdb7e84b8b4d37.js [36m304 [0m0.314 ms - -[0m
[0mGET /static/js/app.55f5b1eb2fd3ef900236.js [36m304 [0m0.342 ms - -[0m
[0mGET / [32m200 [0m0.449 ms - 512[0m
[0mGET /static/js/manifest.2ae2e69a05c33dfc65f8.js [32m200 [0m0.434 ms - 857[0m
[0mGET /static/js/app.55f5b1eb2fd3ef900236.js [32m200 [0m0.441 ms - 4969[0m
[0mGET /static/css/app.8ba664bb0cec79711ad448323cfe2775.css [32m200 [0m0.496 ms - 147009[0m
[0mGET /static/js/vendor.dad468bdb7e84b8b4d37.js [32m200 [0m0.486 ms - 317058[0m
[0mGET /favicon.ico [33m404 [0m9.298 ms - 1102[0m
[0mGET /static/img/myProfile.641e16d.jpg [32m200 [0m0.487 ms - 74632[0m
[0mGET /static/img/myProfile.641e16d.jpg [36m304 [0m0.311 ms - -[0m
[0mGET /static/img/myProfile.641e16d.jpg [36m304 [0m0.341 ms - -[0m
[0mGET /static/img/myProfile.641e16d.jpg [36m304 [0m0.341 ms - -[0m
[0mGET / [32m200 [0m0.469 ms - 512[0m
[0mGET /static/js/manifest.2ae2e69a05c33dfc65f8.js [32m200 [0m0.837 ms - 857[0m
[0mGET /static/js/app.55f5b1eb2fd3ef900236.js [32m200 [0m0.975 ms - 4969[0m
[0mGET /static/css/app.8ba664bb0cec79711ad448323cfe2775.css [32m200 [0m2.414 ms - 147009[0m
[0mGET /static/js/vendor.dad468bdb7e84b8b4d37.js [32m200 [0m0.527 ms - 317058[0m
[0mGET /static/img/myProfile.641e16d.jpg [32m200 [0m0.463 ms - 74632[0m
[0mGET /favicon.ico [33m404 [0m8.632 ms - 1102[0m
[0mGET /static/img/myProfile.641e16d.jpg [36m304 [0m0.329 ms - -[0m
[0mGET /favicon.ico [33m404 [0m11.387 ms - 1102[0m
[0mGET / [32m200 [0m0.478 ms - 512[0m
[0mGET / [32m200 [0m0.554 ms - 512[0m
[0mGET /static/js/app.afa9abc9d92055544f3a.js [32m200 [0m0.319 ms - 6773[0m
[0mGET /static/css/app.361c1bcc8a25df865adefaaa6e49e221.css [32m200 [0m0.473 ms - 147044[0m
[0mGET /static/js/manifest.2ae2e69a05c33dfc65f8.js [32m200 [0m0.423 ms - 857[0m
[0mGET /static/js/vendor.dad468bdb7e84b8b4d37.js [32m200 [0m0.549 ms - 317058[0m
[0mGET /static/img/myProfile.641e16d.jpg [32m200 [0m0.478 ms - 74632[0m
[0mGET /static/img/myProfile3.587ffcf.jpg [32m200 [0m0.346 ms - 172476[0m
[0mGET /static/img/myProfile3.587ffcf.jpg [36m304 [0m0.420 ms - -[0m
[0mGET /static/img/myProfile.641e16d.jpg [36m304 [0m0.209 ms - -[0m
[0mGET / [32m200 [0m0.428 ms - 512[0m
[0mGET / [32m200 [0m0.435 ms - 512[0m
[0mGET /static/js/manifest.2ae2e69a05c33dfc65f8.js [32m200 [0m1.254 ms - 857[0m
[0mGET /static/js/app.afa9abc9d92055544f3a.js [32m200 [0m1.359 ms - 6773[0m
[0mGET /static/css/app.361c1bcc8a25df865adefaaa6e49e221.css [32m200 [0m0.496 ms - 147044[0m
[0mGET /static/js/vendor.dad468bdb7e84b8b4d37.js [32m200 [0m1.424 ms - 317058[0m
[0mGET /static/img/myProfile.641e16d.jpg [32m200 [0m1.503 ms - 74632[0m
[0mGET /static/img/myProfile3.587ffcf.jpg [32m200 [0m1.399 ms - 172476[0m
[0mGET /favicon.ico [33m404 [0m16.914 ms - 1102[0m
[0mGET / [36m304 [0m0.588 ms - -[0m
[0mGET /static/css/app.361c1bcc8a25df865adefaaa6e49e221.css [36m304 [0m0.816 ms - -[0m
[0mGET /static/js/manifest.2ae2e69a05c33dfc65f8.js [36m304 [0m0.909 ms - -[0m
[0mGET /static/js/vendor.dad468bdb7e84b8b4d37.js [36m304 [0m0.214 ms - -[0m
[0mGET /static/js/app.afa9abc9d92055544f3a.js [36m304 [0m0.202 ms - -[0m
[0mGET /static/img/myProfile3.587ffcf.jpg [36m304 [0m0.306 ms - -[0m
[0mGET /static/img/myProfile.641e16d.jpg [36m304 [0m0.198 ms - -[0m
[0mGET / [32m200 [0m0.677 ms - 512[0m
[0mGET /static/js/manifest.2ae2e69a05c33dfc65f8.js [32m200 [0m0.524 ms - 857[0m
[0mGET /static/js/app.afa9abc9d92055544f3a.js [32m200 [0m0.585 ms - 6773[0m
[0mGET /static/css/app.361c1bcc8a25df865adefaaa6e49e221.css [32m200 [0m0.561 ms - 147044[0m
[0mGET /static/js/vendor.dad468bdb7e84b8b4d37.js [32m200 [0m0.825 ms - 317058[0m
[0mGET /static/img/myProfile.641e16d.jpg [32m200 [0m0.712 ms - 74632[0m
[0mGET /static/img/myProfile3.587ffcf.jpg [32m200 [0m0.484 ms - 172476[0m
[0mGET /favicon.ico [33m404 [0m15.314 ms - 1102[0m
[0mGET / [32m200 [0m0.472 ms - 512[0m
[0mGET /static/js/manifest.2ae2e69a05c33dfc65f8.js [32m200 [0m0.443 ms - 857[0m
[0mGET /static/css/app.361c1bcc8a25df865adefaaa6e49e221.css [32m200 [0m0.461 ms - 147044[0m
[0mGET /static/js/app.afa9abc9d92055544f3a.js [32m200 [0m0.348 ms - 6773[0m
[0mGET /static/js/vendor.dad468bdb7e84b8b4d37.js [32m200 [0m0.502 ms - 317058[0m
[0mGET /static/img/myProfile.641e16d.jpg [32m200 [0m0.479 ms - 74632[0m
[0mGET /static/img/myProfile3.587ffcf.jpg [32m200 [0m0.429 ms - 172476[0m
[0mGET / [32m200 [0m0.447 ms - 512[0m
[0mGET /static/js/manifest.2ae2e69a05c33dfc65f8.js [32m200 [0m0.353 ms - 857[0m
[0mGET /static/css/app.361c1bcc8a25df865adefaaa6e49e221.css [32m200 [0m0.474 ms - 147044[0m
[0mGET /static/js/app.afa9abc9d92055544f3a.js [32m200 [0m0.782 ms - 6773[0m
[0mGET /static/js/vendor.dad468bdb7e84b8b4d37.js [32m200 [0m0.906 ms - 317058[0m
[0mGET /static/img/myProfile.641e16d.jpg [32m200 [0m0.762 ms - 74632[0m
[0mGET /static/img/myProfile3.587ffcf.jpg [32m200 [0m0.872 ms - 172476[0m
[0mGET /favicon.ico [33m404 [0m11.051 ms - 1102[0m
[0mGET /static/img/myProfile3.587ffcf.jpg [36m304 [0m0.537 ms - -[0m
[0mGET /static/img/myProfile.641e16d.jpg [36m304 [0m0.708 ms - -[0m
[0mGET /static/img/myProfile.641e16d.jpg [36m304 [0m0.529 ms - -[0m
[0mGET /static/img/myProfile3.587ffcf.jpg [36m304 [0m0.665 ms - -[0m
[0mGET / [32m200 [0m0.465 ms - 512[0m
[0mGET /favicon.ico [33m404 [0m11.309 ms - 1102[0m
[0mGET / [32m200 [0m1.762 ms - 512[0m
[0mGET / [32m200 [0m0.437 ms - 512[0m
[0mGET /static/js/manifest.2ae2e69a05c33dfc65f8.js [32m200 [0m0.382 ms - 857[0m
[0mGET /static/css/app.361c1bcc8a25df865adefaaa6e49e221.css [32m200 [0m0.508 ms - 147044[0m
[0mGET /static/js/app.afa9abc9d92055544f3a.js [32m200 [0m1.960 ms - 6773[0m
[0mGET /static/js/vendor.dad468bdb7e84b8b4d37.js [32m200 [0m0.357 ms - 317058[0m
[0mGET /static/img/myProfile.641e16d.jpg [32m200 [0m0.859 ms - 74632[0m
[0mGET /static/img/myProfile3.587ffcf.jpg [32m200 [0m0.720 ms - 172476[0m
[0mGET /favicon.ico [33m404 [0m12.897 ms - 1102[0m
[0mGET / [32m200 [0m0.424 ms - 512[0m
[0mGET /static/css/app.361c1bcc8a25df865adefaaa6e49e221.css [32m200 [0m0.463 ms - 147044[0m
[0mGET /static/js/app.afa9abc9d92055544f3a.js [32m200 [0m1.069 ms - 6773[0m
[0mGET /static/js/manifest.2ae2e69a05c33dfc65f8.js [32m200 [0m1.210 ms - 857[0m
[0mGET /static/js/vendor.dad468bdb7e84b8b4d37.js [32m200 [0m1.332 ms - 317058[0m
[0mGET /static/img/myProfile3.587ffcf.jpg [32m200 [0m0.455 ms - 172476[0m
[0mGET /static/img/myProfile.641e16d.jpg [32m200 [0m0.349 ms - 74632[0m
[0mGET /favicon.ico [33m404 [0m9.699 ms - 1102[0m
[0mGET /static/img/myProfile3.587ffcf.jpg [36m304 [0m0.294 ms - -[0m
[0mGET /static/img/myProfile.641e16d.jpg [36m304 [0m0.214 ms - -[0m
[0mGET / [36m304 [0m0.278 ms - -[0m
[0mGET /static/js/manifest.2ae2e69a05c33dfc65f8.js [36m304 [0m0.211 ms - -[0m
[0mGET /static/css/app.361c1bcc8a25df865adefaaa6e49e221.css [32m200 [0m0.475 ms - 147044[0m
[0mGET /static/js/vendor.dad468bdb7e84b8b4d37.js [36m304 [0m0.311 ms - -[0m
[0mGET /static/js/app.afa9abc9d92055544f3a.js [36m304 [0m0.295 ms - -[0m
[0mGET /static/img/myProfile.641e16d.jpg [36m304 [0m0.531 ms - -[0m
[0mGET /static/img/myProfile3.587ffcf.jpg [36m304 [0m0.653 ms - -[0m
[0mGET /favicon.ico [33m404 [0m13.933 ms - 1102[0m
[0mHEAD / [32m200 [0m0.290 ms - 512[0m
[0mGET / [32m200 [0m0.409 ms - 512[0m
[0mGET /static/js/manifest.2ae2e69a05c33dfc65f8.js [32m200 [0m0.701 ms - 857[0m
[0mGET /static/js/app.afa9abc9d92055544f3a.js [32m200 [0m0.510 ms - 6773[0m
[0mGET /static/css/app.361c1bcc8a25df865adefaaa6e49e221.css [32m200 [0m0.484 ms - 147044[0m
[0mGET /static/js/vendor.dad468bdb7e84b8b4d37.js [32m200 [0m2.710 ms - 317058[0m
[0mGET / [36m304 [0m0.278 ms - -[0m
[0mGET /static/css/app.361c1bcc8a25df865adefaaa6e49e221.css [36m304 [0m0.293 ms - -[0m
[0mGET /static/js/manifest.2ae2e69a05c33dfc65f8.js [36m304 [0m0.229 ms - -[0m
[0mGET /static/js/vendor.dad468bdb7e84b8b4d37.js [36m304 [0m0.199 ms - -[0m
[0mGET /static/js/app.afa9abc9d92055544f3a.js [36m304 [0m0.196 ms - -[0m
[0mGET /static/img/myProfile.641e16d.jpg [36m304 [0m0.300 ms - -[0m
[0mGET /static/img/myProfile3.587ffcf.jpg [36m304 [0m0.258 ms - -[0m
[0mHEAD / [32m200 [0m0.269 ms - 512[0m
[0mGET / [32m200 [0m0.425 ms - 512[0m
[0mGET /static/css/app.361c1bcc8a25df865adefaaa6e49e221.css [36m304 [0m0.307 ms - -[0m
[0mGET /static/js/manifest.2ae2e69a05c33dfc65f8.js [36m304 [0m0.297 ms - -[0m
[0mGET /static/js/vendor.dad468bdb7e84b8b4d37.js [36m304 [0m0.311 ms - -[0m
[0mGET /static/js/app.afa9abc9d92055544f3a.js [36m304 [0m0.320 ms - -[0m
[0mGET / [36m304 [0m2.969 ms - -[0m
[0mGET /static/css/app.361c1bcc8a25df865adefaaa6e49e221.css [36m304 [0m0.299 ms - -[0m
[0mGET /static/js/manifest.2ae2e69a05c33dfc65f8.js [36m304 [0m0.226 ms - -[0m
[0mGET /static/js/vendor.dad468bdb7e84b8b4d37.js [36m304 [0m0.258 ms - -[0m
[0mGET /static/js/app.afa9abc9d92055544f3a.js [36m304 [0m0.252 ms - -[0m
[0mGET /static/img/myProfile.641e16d.jpg [36m304 [0m0.306 ms - -[0m
[0mGET /static/img/myProfile3.587ffcf.jpg [36m304 [0m0.269 ms - -[0m
[0mGET / [36m304 [0m0.289 ms - -[0m
[0mGET /static/css/app.361c1bcc8a25df865adefaaa6e49e221.css [36m304 [0m0.274 ms - -[0m
[0mGET /static/js/manifest.2ae2e69a05c33dfc65f8.js [36m304 [0m0.273 ms - -[0m
[0mGET /static/js/vendor.dad468bdb7e84b8b4d37.js [36m304 [0m0.251 ms - -[0m
[0mGET /static/js/app.afa9abc9d92055544f3a.js [36m304 [0m0.943 ms - -[0m
[0mGET / [36m304 [0m0.290 ms - -[0m
[0mGET /static/css/app.361c1bcc8a25df865adefaaa6e49e221.css [36m304 [0m0.223 ms - -[0m
[0mGET /static/js/manifest.2ae2e69a05c33dfc65f8.js [36m304 [0m0.282 ms - -[0m
[0mGET /static/js/vendor.dad468bdb7e84b8b4d37.js [36m304 [0m0.195 ms - -[0m
[0mGET /static/js/app.afa9abc9d92055544f3a.js [36m304 [0m0.279 ms - -[0m
[0mGET / [36m304 [0m0.283 ms - -[0m
[0mGET /static/css/app.361c1bcc8a25df865adefaaa6e49e221.css [36m304 [0m0.278 ms - -[0m
[0mGET /static/js/manifest.2ae2e69a05c33dfc65f8.js [36m304 [0m0.285 ms - -[0m
[0mGET /static/js/vendor.dad468bdb7e84b8b4d37.js [36m304 [0m0.291 ms - -[0m
[0mGET /static/js/app.afa9abc9d92055544f3a.js [36m304 [0m0.288 ms - -[0m
[0mGET /static/img/myProfile.641e16d.jpg [36m304 [0m0.302 ms - -[0m
[0mGET /static/img/myProfile3.587ffcf.jpg [36m304 [0m0.275 ms - -[0m
[0mGET / [36m304 [0m0.292 ms - -[0m
[0mGET /static/css/app.361c1bcc8a25df865adefaaa6e49e221.css [36m304 [0m0.274 ms - -[0m
[0mGET /static/js/manifest.2ae2e69a05c33dfc65f8.js [36m304 [0m0.307 ms - -[0m
[0mGET /static/js/vendor.dad468bdb7e84b8b4d37.js [36m304 [0m0.266 ms - -[0m
[0mGET /static/js/app.afa9abc9d92055544f3a.js [36m304 [0m0.288 ms - -[0m
[0mGET / [36m304 [0m0.320 ms - -[0m
[0mGET /static/css/app.361c1bcc8a25df865adefaaa6e49e221.css [36m304 [0m0.272 ms - -[0m
[0mGET /static/js/manifest.2ae2e69a05c33dfc65f8.js [36m304 [0m0.297 ms - -[0m
[0mGET /static/js/vendor.dad468bdb7e84b8b4d37.js [36m304 [0m0.297 ms - -[0m
[0mGET /static/js/app.afa9abc9d92055544f3a.js [36m304 [0m0.319 ms - -[0m
[0mGET / [36m304 [0m0.290 ms - -[0m
[0mGET /static/css/app.361c1bcc8a25df865adefaaa6e49e221.css [36m304 [0m0.291 ms - -[0m
[0mGET /static/js/manifest.2ae2e69a05c33dfc65f8.js [36m304 [0m0.296 ms - -[0m
[0mGET /static/js/vendor.dad468bdb7e84b8b4d37.js [36m304 [0m0.298 ms - -[0m
[0mGET /static/js/app.afa9abc9d92055544f3a.js [36m304 [0m0.290 ms - -[0m
[0mHEAD / [32m200 [0m0.264 ms - 512[0m
[0mGET / [32m200 [0m0.382 ms - 512[0m
[0mGET / [36m304 [0m0.692 ms - -[0m
[0mGET /static/css/app.361c1bcc8a25df865adefaaa6e49e221.css [36m304 [0m0.505 ms - -[0m
[0mGET /static/js/manifest.2ae2e69a05c33dfc65f8.js [36m304 [0m0.656 ms - -[0m
[0mGET /static/js/vendor.dad468bdb7e84b8b4d37.js [36m304 [0m0.214 ms - -[0m
[0mGET /static/js/app.afa9abc9d92055544f3a.js [36m304 [0m0.194 ms - -[0m
[0mGET /static/img/myProfile3.587ffcf.jpg [36m304 [0m0.503 ms - -[0m
[0mGET /static/img/myProfile.641e16d.jpg [36m304 [0m0.615 ms - -[0m
[0mHEAD / [32m200 [0m0.256 ms - 512[0m
[0mGET / [32m200 [0m0.378 ms - 512[0m
[0mGET / [36m304 [0m0.288 ms - -[0m
[0mGET /static/css/app.361c1bcc8a25df865adefaaa6e49e221.css [36m304 [0m0.281 ms - -[0m
[0mGET /static/js/manifest.2ae2e69a05c33dfc65f8.js [36m304 [0m0.194 ms - -[0m
[0mGET /static/js/app.afa9abc9d92055544f3a.js [36m304 [0m0.422 ms - -[0m
[0mGET /static/js/vendor.dad468bdb7e84b8b4d37.js [36m304 [0m0.553 ms - -[0m
[0mGET /static/img/myProfile.641e16d.jpg [36m304 [0m0.484 ms - -[0m
[0mGET /static/img/myProfile3.587ffcf.jpg [36m304 [0m0.637 ms - -[0m
[0mHEAD / [32m200 [0m0.254 ms - 512[0m
[0mGET / [32m200 [0m0.350 ms - 512[0m
[0mGET / [36m304 [0m0.280 ms - -[0m
[0mGET /static/css/app.361c1bcc8a25df865adefaaa6e49e221.css [36m304 [0m0.541 ms - -[0m
[0mGET /static/js/manifest.2ae2e69a05c33dfc65f8.js [36m304 [0m0.641 ms - -[0m
[0mGET /static/js/vendor.dad468bdb7e84b8b4d37.js [36m304 [0m0.186 ms - -[0m
[0mGET /static/js/app.afa9abc9d92055544f3a.js [36m304 [0m0.185 ms - -[0m
[0mGET /static/img/myProfile3.587ffcf.jpg [36m304 [0m0.503 ms - -[0m
[0mGET /static/img/myProfile.641e16d.jpg [36m304 [0m0.608 ms - -[0m
[0mGET / [36m304 [0m0.293 ms - -[0m
[0mGET /static/css/app.361c1bcc8a25df865adefaaa6e49e221.css [36m304 [0m0.296 ms - -[0m
[0mGET /static/js/manifest.2ae2e69a05c33dfc65f8.js [36m304 [0m0.266 ms - -[0m
[0mGET /static/js/vendor.dad468bdb7e84b8b4d37.js [36m304 [0m0.256 ms - -[0m
[0mGET /static/js/app.afa9abc9d92055544f3a.js [36m304 [0m0.202 ms - -[0m
[0mGET /static/img/myProfile3.587ffcf.jpg [36m304 [0m0.492 ms - -[0m
[0mGET /static/img/myProfile.641e16d.jpg [36m304 [0m0.617 ms - -[0m
[0mHEAD / [32m200 [0m0.254 ms - 512[0m
[0mGET / [32m200 [0m0.422 ms - 512[0m
[0mGET / [36m304 [0m0.282 ms - -[0m
[0mGET /static/css/app.361c1bcc8a25df865adefaaa6e49e221.css [36m304 [0m0.331 ms - -[0m
[0mGET /static/js/manifest.2ae2e69a05c33dfc65f8.js [36m304 [0m0.213 ms - -[0m
[0mGET /static/js/app.afa9abc9d92055544f3a.js [36m304 [0m0.446 ms - -[0m
[0mGET /static/js/vendor.dad468bdb7e84b8b4d37.js [36m304 [0m0.501 ms - -[0m
[0mGET /static/img/myProfile3.587ffcf.jpg [36m304 [0m0.491 ms - -[0m
[0mGET /static/img/myProfile.641e16d.jpg [36m304 [0m0.618 ms - -[0m
[0mGET / [36m304 [0m0.272 ms - -[0m
[0mGET /static/css/app.361c1bcc8a25df865adefaaa6e49e221.css [32m200 [0m0.737 ms - 147044[0m
[0mGET /static/js/manifest.2ae2e69a05c33dfc65f8.js [36m304 [0m0.264 ms - -[0m
[0mGET /static/js/app.afa9abc9d92055544f3a.js [36m304 [0m0.188 ms - -[0m
[0mGET /static/js/vendor.dad468bdb7e84b8b4d37.js [32m200 [0m0.721 ms - 317058[0m
[0mGET /static/img/myProfile.641e16d.jpg [32m200 [0m3.386 ms - 74632[0m
[0mGET /static/img/myProfile3.587ffcf.jpg [32m200 [0m3.470 ms - 172476[0m
[0mGET /favicon.ico [33m404 [0m16.112 ms - 1102[0m
[0mGET / [36m304 [0m0.385 ms - -[0m
[0mGET /static/css/app.361c1bcc8a25df865adefaaa6e49e221.css [36m304 [0m0.299 ms - -[0m
[0mGET /static/js/manifest.2ae2e69a05c33dfc65f8.js [36m304 [0m0.201 ms - -[0m
[0mGET /static/js/app.afa9abc9d92055544f3a.js [36m304 [0m0.201 ms - -[0m
[0mGET /static/js/vendor.dad468bdb7e84b8b4d37.js [36m304 [0m0.187 ms - -[0m
[0mGET /static/img/myProfile3.587ffcf.jpg [36m304 [0m0.287 ms - -[0m
[0mGET /static/img/myProfile.641e16d.jpg [36m304 [0m0.209 ms - -[0m
[0mGET / [32m200 [0m0.443 ms - 512[0m
[0mGET /static/js/manifest.2ae2e69a05c33dfc65f8.js [32m200 [0m0.345 ms - 857[0m
[0mGET /static/js/app.afa9abc9d92055544f3a.js [32m200 [0m0.410 ms - 6773[0m
[0mGET /static/css/app.361c1bcc8a25df865adefaaa6e49e221.css [32m200 [0m0.510 ms - 147044[0m
[0mGET /static/js/vendor.dad468bdb7e84b8b4d37.js [32m200 [0m0.424 ms - 317058[0m
[0mGET /static/img/myProfile.641e16d.jpg [32m200 [0m1.063 ms - 74632[0m
[0mGET /static/img/myProfile3.587ffcf.jpg [32m200 [0m0.287 ms - 172476[0m
[0mGET /favicon.ico [33m404 [0m12.031 ms - 1102[0m
[0mGET / [32m200 [0m0.406 ms - 512[0m
[0mGET /favicon.ico [33m404 [0m18.197 ms - 1102[0m
[0mGET / [36m304 [0m0.276 ms - -[0m
[0mGET /static/css/app.361c1bcc8a25df865adefaaa6e49e221.css [36m304 [0m0.282 ms - -[0m
[0mGET /static/js/manifest.2ae2e69a05c33dfc65f8.js [36m304 [0m0.197 ms - -[0m
[0mGET /static/js/vendor.dad468bdb7e84b8b4d37.js [36m304 [0m0.182 ms - -[0m
[0mGET /static/js/app.afa9abc9d92055544f3a.js [36m304 [0m0.183 ms - -[0m
[0mGET /static/img/myProfile.641e16d.jpg [36m304 [0m1.101 ms - -[0m
[0mGET /static/img/myProfile3.587ffcf.jpg [36m304 [0m0.178 ms - -[0m
[0mGET / [32m200 [0m0.423 ms - 512[0m
[0mGET / [32m200 [0m4.529 ms - 512[0m
[0mGET /favicon.ico [33m404 [0m6.692 ms - 1102[0m
[0mGET / [32m200 [0m0.396 ms - 512[0m
[0mGET /favicon.ico [33m404 [0m12.132 ms - 1102[0m
[0mGET / [36m304 [0m0.255 ms - -[0m
[0mGET /static/css/app.361c1bcc8a25df865adefaaa6e49e221.css [32m200 [0m0.442 ms - 147044[0m
[0mGET /static/js/manifest.2ae2e69a05c33dfc65f8.js [36m304 [0m0.230 ms - -[0m
[0mGET /static/js/app.afa9abc9d92055544f3a.js [36m304 [0m0.196 ms - -[0m
[0mGET /static/js/vendor.dad468bdb7e84b8b4d37.js [32m200 [0m0.308 ms - 317058[0m
[0mGET /static/img/myProfile.641e16d.jpg [36m304 [0m0.354 ms - -[0m
[0mGET /static/img/myProfile3.587ffcf.jpg [32m200 [0m1.072 ms - 172476[0m
[0mGET /favicon.ico [33m404 [0m23.380 ms - 1102[0m
